2023-05-19 15:41:11,865 {50051} : 809
2023-05-19 15:41:11,866 {50052} : 246
2023-05-19 15:41:11,868 {50053} : 854
2023-05-19 15:41:11,889 Server Started
2023-05-19 15:41:11,890 Server Started
2023-05-19 15:41:11,890 Server Started
2023-05-19 15:41:16,867 Pred of 809 - -1
2023-05-19 15:41:16,867 Succ of 809 - -1
2023-05-19 15:41:16,869 Pred of 246 - -1
2023-05-19 15:41:16,871 Succ of 246 - -1
2023-05-19 15:41:16,872 Pred of 854 - -1
2023-05-19 15:41:16,873 Succ of 854 - -1
2023-05-19 15:41:16,874 50051 :Node localhost:50051 joined the DHT as the first node
2023-05-19 15:41:20,875 50052 :Node localhost:50052 joined the DHT as the first node
2023-05-19 15:41:24,876 50053 :Node localhost:50053 joined the DHT as the first node
2023-05-19 15:41:26,871 Succ of 809 - 854
2023-05-19 15:41:26,872 Pred of 809 - 246
2023-05-19 15:41:26,875 Pred of 246 - 854
2023-05-19 15:41:26,878 Pred of 854 - 809
2023-05-19 15:41:26,879 Succ of 246 - 809
2023-05-19 15:41:26,879 Succ of 854 - 246
2023-05-19 15:41:36,874 Pred of 809 - 246
2023-05-19 15:41:36,875 Succ of 809 - 854
2023-05-19 15:41:36,878 Pred of 246 - 854
2023-05-19 15:41:36,880 Pred of 854 - 809
2023-05-19 15:41:36,881 Succ of 246 - 809
2023-05-19 15:41:36,882 Succ of 854 - 246
2023-05-19 15:41:46,876 Pred of 809 - 246
2023-05-19 15:41:46,877 Succ of 809 - 854
2023-05-19 15:41:46,880 Pred of 246 - 854
2023-05-19 15:41:46,882 Pred of 854 - 809
2023-05-19 15:41:46,883 Succ of 246 - 809
2023-05-19 15:41:46,884 Succ of 854 - 246
2023-05-19 15:41:56,879 Succ of 809 - 854
2023-05-19 15:41:56,880 Pred of 809 - 246
2023-05-19 15:41:56,882 Pred of 246 - 854
2023-05-19 15:41:56,883 Pred of 854 - 809
2023-05-19 15:41:56,886 Succ of 854 - 246
2023-05-19 15:41:56,886 Succ of 246 - 809
2023-05-19 15:42:04,158 {50055} : 806
2023-05-19 15:42:04,159 Server Started
2023-05-19 15:42:06,157 Pred of 806 - -1
2023-05-19 15:42:06,159 Succ of 806 - -1
2023-05-19 15:42:06,160 50055 :Node localhost:50055 joined the DHT as the first node
2023-05-19 15:42:06,883 Pred of 809 - 246
2023-05-19 15:42:06,884 Pred of 246 - 854
2023-05-19 15:42:06,885 Succ of 809 - 854
2023-05-19 15:42:06,886 Pred of 854 - 809
2023-05-19 15:42:06,899 Succ of 246 - 809
2023-05-19 15:42:06,900 Succ of 854 - 246
2023-05-19 15:42:16,161 Pred of 806 - 246
2023-05-19 15:42:16,161 Succ of 806 - 809
2023-05-19 15:42:16,887 Pred of 809 - 806
2023-05-19 15:42:16,889 Pred of 246 - 854
2023-05-19 15:42:16,889 Succ of 809 - 854
2023-05-19 15:42:16,899 Pred of 854 - 809
2023-05-19 15:42:16,901 Succ of 246 - 806
2023-05-19 15:42:16,902 Succ of 854 - 246
2023-05-19 15:42:26,164 Pred of 806 - 246
2023-05-19 15:42:26,164 Succ of 806 - 809
2023-05-19 15:42:26,891 Pred of 809 - 806
2023-05-19 15:42:26,892 Pred of 246 - 854
2023-05-19 15:42:26,893 Succ of 809 - 854
2023-05-19 15:42:26,902 Pred of 854 - 809
2023-05-19 15:42:26,904 Succ of 246 - 806
2023-05-19 15:42:26,904 Succ of 854 - 246
2023-05-19 15:42:36,166 Pred of 806 - 246
2023-05-19 15:42:36,168 Succ of 806 - 809
2023-05-19 15:42:36,893 Pred of 809 - 806
2023-05-19 15:42:36,895 Pred of 246 - 854
2023-05-19 15:42:36,897 Succ of 809 - 854
2023-05-19 15:42:36,905 Pred of 854 - 809
2023-05-19 15:42:36,907 Succ of 246 - 806
2023-05-19 15:42:36,907 Succ of 854 - 246
2023-05-19 15:42:46,169 Pred of 806 - 246
2023-05-19 15:42:46,170 Succ of 806 - 809
2023-05-19 15:42:46,896 Pred of 809 - 806
2023-05-19 15:42:46,897 Pred of 246 - 854
2023-05-19 15:42:46,899 Succ of 809 - 854
2023-05-19 15:42:46,907 Pred of 854 - 809
2023-05-19 15:42:46,910 Succ of 854 - 246
2023-05-19 15:42:46,911 Succ of 246 - 806
2023-05-19 15:42:56,172 Pred of 806 - 246
2023-05-19 15:42:56,173 Succ of 806 - 809
2023-05-19 15:42:56,898 Pred of 809 - 806
2023-05-19 15:42:56,900 Pred of 246 - 854
2023-05-19 15:42:56,902 Succ of 809 - 854
2023-05-19 15:42:56,910 Pred of 854 - 809
2023-05-19 15:42:56,913 Succ of 854 - 246
2023-05-19 15:42:56,914 Succ of 246 - 806
2023-05-19 15:43:06,174 Pred of 806 - 246
2023-05-19 15:43:06,176 Succ of 806 - 809
2023-05-19 15:43:06,901 Pred of 809 - 806
2023-05-19 15:43:06,903 Pred of 246 - 854
2023-05-19 15:43:06,906 Succ of 809 - 854
2023-05-19 15:43:06,912 Pred of 854 - 809
2023-05-19 15:43:06,917 Succ of 854 - 246
2023-05-19 15:43:06,917 Succ of 246 - 806
2023-05-19 15:43:16,177 Pred of 806 - 246
2023-05-19 15:43:16,179 Succ of 806 - 809
2023-05-19 15:43:16,903 Pred of 809 - 806
2023-05-19 15:43:16,906 Pred of 246 - 854
2023-05-19 15:43:16,908 Succ of 809 - 854
2023-05-19 15:43:16,914 Pred of 854 - 809
2023-05-19 15:43:16,920 Succ of 854 - 246
2023-05-19 15:43:16,921 Succ of 246 - 806
2023-05-19 15:43:26,179 Pred of 806 - 246
2023-05-19 15:43:26,181 Succ of 806 - 809
2023-05-19 15:43:26,906 Pred of 809 - 806
2023-05-19 15:43:26,908 Pred of 246 - 854
2023-05-19 15:43:26,909 Succ of 809 - 854
2023-05-19 15:43:26,916 Pred of 854 - 809
2023-05-19 15:43:26,923 Succ of 854 - 246
2023-05-19 15:43:26,923 Succ of 246 - 806
2023-05-19 15:43:36,182 Pred of 806 - 246
2023-05-19 15:43:36,183 Succ of 806 - 809
2023-05-19 15:43:36,908 Pred of 809 - 806
2023-05-19 15:43:36,910 Pred of 246 - 854
2023-05-19 15:43:36,912 Succ of 809 - 854
2023-05-19 15:43:36,917 Pred of 854 - 809
2023-05-19 15:43:36,925 Succ of 854 - 246
2023-05-19 15:43:36,926 Succ of 246 - 806
2023-05-19 15:43:46,184 Pred of 806 - 246
2023-05-19 15:43:46,185 Succ of 806 - 809
2023-05-19 15:43:46,910 Pred of 809 - 806
2023-05-19 15:43:46,912 Pred of 246 - 854
2023-05-19 15:43:46,914 Succ of 809 - 854
2023-05-19 15:43:46,919 Pred of 854 - 809
2023-05-19 15:43:46,927 Succ of 854 - 246
2023-05-19 15:43:46,928 Succ of 246 - 806
2023-05-19 15:43:56,186 Pred of 806 - 246
2023-05-19 15:43:56,188 Succ of 806 - 809
2023-05-19 15:43:56,913 Pred of 809 - 806
2023-05-19 15:43:56,914 Pred of 246 - 854
2023-05-19 15:43:56,916 Succ of 809 - 854
2023-05-19 15:43:56,921 Pred of 854 - 809
2023-05-19 15:43:56,928 Succ of 854 - 246
2023-05-19 15:43:56,930 Succ of 246 - 806
2023-05-19 15:44:06,188 Pred of 806 - 246
2023-05-19 15:44:06,190 Succ of 806 - 809
2023-05-19 15:44:06,915 Pred of 809 - 806
2023-05-19 15:44:06,917 Pred of 246 - 854
2023-05-19 15:44:06,918 Succ of 809 - 854
2023-05-19 15:44:06,923 Pred of 854 - 809
2023-05-19 15:44:06,930 Succ of 854 - 246
2023-05-19 15:44:06,932 Succ of 246 - 806
2023-05-19 15:44:16,191 Pred of 806 - 246
2023-05-19 15:44:16,193 Succ of 806 - 809
2023-05-19 15:44:16,917 Pred of 809 - 806
2023-05-19 15:44:16,919 Pred of 246 - 854
2023-05-19 15:44:16,920 Succ of 809 - 854
2023-05-19 15:44:16,924 Pred of 854 - 809
2023-05-19 15:44:16,933 Succ of 854 - 246
2023-05-19 15:44:16,934 Succ of 246 - 806
2023-05-19 15:44:26,193 Pred of 806 - 246
2023-05-19 15:44:26,195 Succ of 806 - 809
2023-05-19 15:44:26,920 Pred of 809 - 806
2023-05-19 15:44:26,921 Pred of 246 - 854
2023-05-19 15:44:26,922 Succ of 809 - 854
2023-05-19 15:44:26,926 Pred of 854 - 809
2023-05-19 15:44:26,934 Succ of 854 - 246
2023-05-19 15:44:26,936 Succ of 246 - 806
2023-05-19 15:44:36,196 Pred of 806 - 246
2023-05-19 15:44:36,197 Succ of 806 - 809
2023-05-19 15:44:36,921 Pred of 809 - 806
2023-05-19 15:44:36,923 Pred of 246 - 854
2023-05-19 15:44:36,924 Succ of 809 - 854
2023-05-19 15:44:36,927 Pred of 854 - 809
2023-05-19 15:44:36,936 Succ of 854 - 246
2023-05-19 15:44:36,937 Succ of 246 - 806
2023-05-19 15:44:46,200 Pred of 806 - 246
2023-05-19 15:44:46,201 Succ of 806 - 809
2023-05-19 15:44:46,923 Pred of 809 - 806
2023-05-19 15:44:46,925 Pred of 246 - 854
2023-05-19 15:44:46,926 Succ of 809 - 854
2023-05-19 15:44:46,929 Pred of 854 - 809
2023-05-19 15:44:46,938 Succ of 854 - 246
2023-05-19 15:44:46,940 Succ of 246 - 806
2023-05-19 15:44:53,008 {50051} : Storing key sheere at node 809
2023-05-19 15:44:53,010 {50052} : Storing key sheere at node 246
2023-05-19 15:44:53,013 {50051} :  Stored key sheere with id 589 at node 809
2023-05-19 15:44:53,015 {50053} :  Stored key sheere with id 589 at node 854
2023-05-19 15:44:53,016 {50055} : Stored key sheere with id 589 at node 806
2023-05-19 15:44:56,203 Pred of 806 - 246
2023-05-19 15:44:56,204 Succ of 806 - 809
2023-05-19 15:44:56,926 Pred of 809 - 806
2023-05-19 15:44:56,928 Pred of 246 - 854
2023-05-19 15:44:56,929 Succ of 809 - 854
2023-05-19 15:44:56,935 Pred of 854 - 809
2023-05-19 15:44:56,940 Succ of 854 - 246
2023-05-19 15:44:56,941 Succ of 246 - 806
2023-05-19 15:45:06,205 Pred of 806 - 246
2023-05-19 15:45:06,206 Succ of 806 - 809
2023-05-19 15:45:06,928 Pred of 809 - 806
2023-05-19 15:45:06,937 Pred of 246 - 854
2023-05-19 15:45:06,938 Succ of 809 - 854
2023-05-19 15:45:06,940 Pred of 854 - 809
2023-05-19 15:45:06,944 Succ of 854 - 246
2023-05-19 15:45:06,944 Succ of 246 - 806
2023-05-19 15:45:16,207 Pred of 806 - 246
2023-05-19 15:45:16,208 Succ of 806 - 809
2023-05-19 15:45:16,930 Pred of 809 - 806
2023-05-19 15:45:16,939 Pred of 246 - 854
2023-05-19 15:45:16,941 Succ of 809 - 854
2023-05-19 15:45:16,942 Pred of 854 - 809
2023-05-19 15:45:16,945 Succ of 854 - 246
2023-05-19 15:45:16,946 Succ of 246 - 806
2023-05-19 15:45:26,210 Succ of 806 - 809
2023-05-19 15:45:26,211 Pred of 806 - 246
2023-05-19 15:45:26,932 Pred of 809 - 806
2023-05-19 15:45:26,942 Pred of 246 - 854
2023-05-19 15:45:26,944 Succ of 809 - 854
2023-05-19 15:45:26,946 Pred of 854 - 809
2023-05-19 15:45:26,947 Succ of 854 - 246
2023-05-19 15:45:26,949 Succ of 246 - 806
2023-05-19 15:45:36,213 Succ of 806 - 809
2023-05-19 15:45:36,214 Pred of 806 - 246
2023-05-19 15:45:36,935 Pred of 809 - 806
2023-05-19 15:45:36,944 Pred of 246 - 854
2023-05-19 15:45:36,946 Succ of 809 - 854
2023-05-19 15:45:36,948 Pred of 854 - 809
2023-05-19 15:45:36,949 Succ of 854 - 246
2023-05-19 15:45:36,951 Succ of 246 - 806
2023-05-19 15:45:46,215 Succ of 806 - 809
2023-05-19 15:45:46,217 Pred of 806 - 246
2023-05-19 15:45:46,937 Pred of 809 - 806
2023-05-19 15:45:46,946 Pred of 246 - 854
2023-05-19 15:45:46,948 Succ of 809 - 854
2023-05-19 15:45:46,950 Pred of 854 - 809
2023-05-19 15:45:46,951 Succ of 854 - 246
2023-05-19 15:45:46,952 Succ of 246 - 806
2023-05-19 15:45:56,218 Succ of 806 - 809
2023-05-19 15:45:56,219 Pred of 806 - 246
2023-05-19 15:45:56,939 Pred of 809 - 806
2023-05-19 15:45:56,948 Pred of 246 - 854
2023-05-19 15:45:56,950 Succ of 809 - 854
2023-05-19 15:45:56,951 Pred of 854 - 809
2023-05-19 15:45:56,953 Succ of 854 - 246
2023-05-19 15:45:56,955 Succ of 246 - 806
2023-05-19 15:46:06,221 Succ of 806 - 809
2023-05-19 15:46:06,222 Pred of 806 - 246
2023-05-19 15:46:06,941 Pred of 809 - 806
2023-05-19 15:46:06,950 Pred of 246 - 854
2023-05-19 15:46:06,951 Succ of 809 - 854
2023-05-19 15:46:06,953 Pred of 854 - 809
2023-05-19 15:46:06,955 Succ of 854 - 246
2023-05-19 15:46:06,956 Succ of 246 - 806
2023-05-19 15:46:16,223 Succ of 806 - 809
2023-05-19 15:46:16,224 Pred of 806 - 246
2023-05-19 15:46:16,943 Pred of 809 - 806
2023-05-19 15:46:16,952 Pred of 246 - 854
2023-05-19 15:46:16,953 Succ of 809 - 854
2023-05-19 15:46:16,955 Pred of 854 - 809
2023-05-19 15:46:16,957 Succ of 854 - 246
2023-05-19 15:46:16,958 Succ of 246 - 806
2023-05-19 15:46:26,226 Succ of 806 - 809
2023-05-19 15:46:26,227 Pred of 806 - 246
2023-05-19 15:46:26,946 Pred of 809 - 806
2023-05-19 15:46:26,954 Pred of 246 - 854
2023-05-19 15:46:26,956 Succ of 809 - 854
2023-05-19 15:46:26,957 Pred of 854 - 809
2023-05-19 15:46:26,959 Succ of 854 - 246
2023-05-19 15:46:26,961 Succ of 246 - 806
2023-05-19 15:46:36,230 Succ of 806 - 809
2023-05-19 15:46:36,231 Pred of 806 - 246
2023-05-19 15:46:36,948 Pred of 809 - 806
2023-05-19 15:46:36,957 Pred of 246 - 854
2023-05-19 15:46:36,958 Succ of 809 - 854
2023-05-19 15:46:36,960 Pred of 854 - 809
2023-05-19 15:46:36,962 Succ of 854 - 246
2023-05-19 15:46:36,963 Succ of 246 - 806
2023-05-19 15:46:46,233 Succ of 806 - 809
2023-05-19 15:46:46,234 Pred of 806 - 246
2023-05-19 15:46:46,951 Pred of 809 - 806
2023-05-19 15:46:46,959 Pred of 246 - 854
2023-05-19 15:46:46,962 Pred of 854 - 809
2023-05-19 15:46:46,965 Succ of 809 - 854
2023-05-19 15:46:46,967 Succ of 854 - 246
2023-05-19 15:46:46,968 Succ of 246 - 806
2023-05-19 15:46:56,236 Succ of 806 - 809
2023-05-19 15:46:56,237 Pred of 806 - 246
2023-05-19 15:46:56,954 Pred of 809 - 806
2023-05-19 15:46:56,962 Pred of 246 - 854
2023-05-19 15:46:56,965 Pred of 854 - 809
2023-05-19 15:46:56,967 Succ of 809 - 854
2023-05-19 15:46:56,969 Succ of 854 - 246
2023-05-19 15:46:56,971 Succ of 246 - 806
2023-05-19 15:47:06,239 Succ of 806 - 809
2023-05-19 15:47:06,240 Pred of 806 - 246
2023-05-19 15:47:06,957 Pred of 809 - 806
2023-05-19 15:47:06,964 Pred of 246 - 854
2023-05-19 15:47:06,967 Pred of 854 - 809
2023-05-19 15:47:06,969 Succ of 809 - 854
2023-05-19 15:47:06,971 Succ of 854 - 246
2023-05-19 15:47:06,973 Succ of 246 - 806
2023-05-19 15:47:16,242 Succ of 806 - 809
2023-05-19 15:47:16,244 Pred of 806 - 246
2023-05-19 15:47:16,960 Pred of 809 - 806
2023-05-19 15:47:16,967 Pred of 246 - 854
2023-05-19 15:47:16,969 Pred of 854 - 809
2023-05-19 15:47:16,971 Succ of 809 - 854
2023-05-19 15:47:16,973 Succ of 854 - 246
2023-05-19 15:47:16,975 Succ of 246 - 806
2023-05-19 15:47:26,244 Succ of 806 - 809
2023-05-19 15:47:26,246 Pred of 806 - 246
2023-05-19 15:47:26,962 Pred of 809 - 806
2023-05-19 15:47:26,970 Pred of 246 - 854
2023-05-19 15:47:26,972 Pred of 854 - 809
2023-05-19 15:47:26,974 Succ of 809 - 854
2023-05-19 15:47:26,975 Succ of 854 - 246
2023-05-19 15:47:26,977 Succ of 246 - 806
2023-05-19 15:47:36,246 Succ of 806 - 809
2023-05-19 15:47:36,248 Pred of 806 - 246
2023-05-19 15:47:36,965 Pred of 809 - 806
2023-05-19 15:47:36,974 Pred of 246 - 854
2023-05-19 15:47:36,976 Pred of 854 - 809
2023-05-19 15:47:36,977 Succ of 809 - 854
2023-05-19 15:47:36,979 Succ of 854 - 246
2023-05-19 15:47:36,980 Succ of 246 - 806
2023-05-19 15:47:46,248 Succ of 806 - 809
2023-05-19 15:47:46,249 Pred of 806 - 246
2023-05-19 15:47:46,968 Pred of 809 - 806
2023-05-19 15:47:46,976 Pred of 246 - 854
2023-05-19 15:47:46,978 Pred of 854 - 809
2023-05-19 15:47:46,980 Succ of 809 - 854
2023-05-19 15:47:46,981 Succ of 854 - 246
2023-05-19 15:47:46,982 Succ of 246 - 806
2023-05-19 15:47:56,251 Succ of 806 - 809
2023-05-19 15:47:56,252 Pred of 806 - 246
2023-05-19 15:47:56,972 Pred of 809 - 806
2023-05-19 15:47:56,978 Pred of 246 - 854
2023-05-19 15:47:56,980 Pred of 854 - 809
2023-05-19 15:47:56,981 Succ of 809 - 854
2023-05-19 15:47:56,983 Succ of 854 - 246
2023-05-19 15:47:56,984 Succ of 246 - 806
2023-05-19 15:48:06,255 Succ of 806 - 809
2023-05-19 15:48:06,255 Pred of 806 - 246
2023-05-19 15:48:06,975 Pred of 809 - 806
2023-05-19 15:48:06,980 Pred of 246 - 854
2023-05-19 15:48:06,982 Pred of 854 - 809
2023-05-19 15:48:06,983 Succ of 809 - 854
2023-05-19 15:48:06,985 Succ of 854 - 246
2023-05-19 15:48:06,987 Succ of 246 - 806
2023-05-19 15:48:16,258 Succ of 806 - 809
2023-05-19 15:48:16,259 Pred of 806 - 246
2023-05-19 15:48:16,978 Pred of 809 - 806
2023-05-19 15:48:16,982 Pred of 246 - 854
2023-05-19 15:48:16,984 Pred of 854 - 809
2023-05-19 15:48:16,986 Succ of 809 - 854
2023-05-19 15:48:16,987 Succ of 854 - 246
2023-05-19 15:48:16,989 Succ of 246 - 806
2023-05-19 15:48:26,261 Pred of 806 - 246
2023-05-19 15:48:26,262 Succ of 806 - 809
2023-05-19 15:48:26,981 Pred of 809 - 806
2023-05-19 15:48:26,985 Pred of 246 - 854
2023-05-19 15:48:26,987 Pred of 854 - 809
2023-05-19 15:48:26,989 Succ of 809 - 854
2023-05-19 15:48:26,991 Succ of 854 - 246
2023-05-19 15:48:26,992 Succ of 246 - 806
2023-05-19 15:48:36,264 Pred of 806 - 246
2023-05-19 15:48:36,265 Succ of 806 - 809
2023-05-19 15:48:36,983 Pred of 809 - 806
2023-05-19 15:48:36,987 Pred of 246 - 854
2023-05-19 15:48:36,989 Pred of 854 - 809
2023-05-19 15:48:36,991 Succ of 809 - 854
2023-05-19 15:48:36,992 Succ of 854 - 246
2023-05-19 15:48:36,994 Succ of 246 - 806
2023-05-19 15:48:46,268 Pred of 806 - 246
2023-05-19 15:48:46,268 Succ of 806 - 809
2023-05-19 15:48:46,986 Pred of 809 - 806
2023-05-19 15:48:46,989 Pred of 246 - 854
2023-05-19 15:48:46,990 Pred of 854 - 809
2023-05-19 15:48:46,993 Succ of 809 - 854
2023-05-19 15:48:46,994 Succ of 854 - 246
2023-05-19 15:48:46,996 Succ of 246 - 806
2023-05-19 15:48:56,270 Pred of 806 - 246
2023-05-19 15:48:56,272 Succ of 806 - 809
2023-05-19 15:48:56,989 Pred of 809 - 806
2023-05-19 15:48:56,994 Pred of 854 - 809
2023-05-19 15:48:56,994 Pred of 246 - 854
2023-05-19 15:48:56,997 Succ of 854 - 246
2023-05-19 15:48:56,998 Succ of 809 - 854
2023-05-19 15:48:56,999 Succ of 246 - 806
2023-05-19 15:49:06,273 Pred of 806 - 246
2023-05-19 15:49:06,275 Succ of 806 - 809
2023-05-19 15:49:06,993 Pred of 809 - 806
2023-05-19 15:49:06,996 Pred of 854 - 809
2023-05-19 15:49:06,997 Pred of 246 - 854
2023-05-19 15:49:06,999 Succ of 854 - 246
2023-05-19 15:49:07,001 Succ of 809 - 854
2023-05-19 15:49:07,002 Succ of 246 - 806
2023-05-19 15:49:16,276 Pred of 806 - 246
2023-05-19 15:49:16,277 Succ of 806 - 809
2023-05-19 15:49:16,996 Pred of 809 - 806
2023-05-19 15:49:16,999 Pred of 246 - 854
2023-05-19 15:49:17,000 Pred of 854 - 809
2023-05-19 15:49:17,003 Succ of 809 - 854
2023-05-19 15:49:17,004 Succ of 854 - 246
2023-05-19 15:49:17,007 Succ of 246 - 806
2023-05-19 15:49:26,279 Pred of 806 - 246
2023-05-19 15:49:26,280 Succ of 806 - 809
2023-05-19 15:49:27,000 Pred of 809 - 806
2023-05-19 15:49:27,002 Pred of 854 - 809
2023-05-19 15:49:27,003 Pred of 246 - 854
2023-05-19 15:49:27,006 Succ of 809 - 854
2023-05-19 15:49:27,008 Succ of 854 - 246
2023-05-19 15:49:27,010 Succ of 246 - 806
2023-05-19 15:49:36,284 Pred of 806 - 246
2023-05-19 15:49:36,286 Succ of 806 - 809
2023-05-19 15:49:37,002 Pred of 809 - 806
2023-05-19 15:49:37,005 Pred of 854 - 809
2023-05-19 15:49:37,007 Pred of 246 - 854
2023-05-19 15:49:37,009 Succ of 809 - 854
2023-05-19 15:49:37,010 Succ of 854 - 246
2023-05-19 15:49:37,012 Succ of 246 - 806
2023-05-19 15:49:46,287 Pred of 806 - 246
2023-05-19 15:49:46,289 Succ of 806 - 809
2023-05-19 15:49:47,005 Pred of 809 - 806
2023-05-19 15:49:47,007 Pred of 854 - 809
2023-05-19 15:49:47,010 Pred of 246 - 854
2023-05-19 15:49:47,011 Succ of 809 - 854
2023-05-19 15:49:47,012 Succ of 854 - 246
2023-05-19 15:49:47,014 Succ of 246 - 806
2023-05-19 15:49:56,289 Pred of 806 - 246
2023-05-19 15:49:56,291 Succ of 806 - 809
2023-05-19 15:49:57,007 Pred of 809 - 806
2023-05-19 15:49:57,010 Pred of 854 - 809
2023-05-19 15:49:57,012 Pred of 246 - 854
2023-05-19 15:49:57,014 Succ of 854 - 246
2023-05-19 15:49:57,014 Succ of 809 - 854
2023-05-19 15:49:57,016 Succ of 246 - 806
2023-05-19 15:50:06,293 Pred of 806 - 246
2023-05-19 15:50:06,295 Succ of 806 - 809
2023-05-19 15:50:07,009 Pred of 809 - 806
2023-05-19 15:50:07,012 Pred of 854 - 809
2023-05-19 15:50:07,014 Pred of 246 - 854
2023-05-19 15:50:07,016 Succ of 809 - 854
2023-05-19 15:50:07,018 Succ of 854 - 246
2023-05-19 15:50:07,019 Succ of 246 - 806
2023-05-19 15:50:16,296 Pred of 806 - 246
2023-05-19 15:50:16,297 Succ of 806 - 809
2023-05-19 15:50:17,012 Pred of 809 - 806
2023-05-19 15:50:17,014 Pred of 854 - 809
2023-05-19 15:50:17,016 Pred of 246 - 854
2023-05-19 15:50:17,020 Succ of 809 - 854
2023-05-19 15:50:17,022 Succ of 854 - 246
2023-05-19 15:50:17,022 Succ of 246 - 806
2023-05-19 15:50:26,299 Pred of 806 - 246
2023-05-19 15:50:26,300 Succ of 806 - 809
2023-05-19 15:50:27,015 Pred of 809 - 806
2023-05-19 15:50:27,016 Pred of 854 - 809
2023-05-19 15:50:27,018 Pred of 246 - 854
2023-05-19 15:50:27,022 Succ of 809 - 854
2023-05-19 15:50:27,024 Succ of 854 - 246
2023-05-19 15:50:27,024 Succ of 246 - 806
2023-05-19 15:50:36,302 Pred of 806 - 246
2023-05-19 15:50:36,303 Succ of 806 - 809
2023-05-19 15:50:37,017 Pred of 809 - 806
2023-05-19 15:50:37,018 Pred of 854 - 809
2023-05-19 15:50:37,020 Pred of 246 - 854
2023-05-19 15:50:37,024 Succ of 809 - 854
2023-05-19 15:50:37,026 Succ of 854 - 246
2023-05-19 15:50:37,027 Succ of 246 - 806
2023-05-19 15:50:46,306 Succ of 806 - 809
2023-05-19 15:50:46,307 Pred of 806 - 246
2023-05-19 15:50:47,019 Pred of 809 - 806
2023-05-19 15:50:47,021 Pred of 854 - 809
2023-05-19 15:50:47,023 Pred of 246 - 854
2023-05-19 15:50:47,025 Succ of 809 - 854
2023-05-19 15:50:47,027 Succ of 854 - 246
2023-05-19 15:50:47,028 Succ of 246 - 806
2023-05-19 15:50:56,309 Succ of 806 - 809
2023-05-19 15:50:56,310 Pred of 806 - 246
2023-05-19 15:50:57,022 Pred of 809 - 806
2023-05-19 15:50:57,024 Pred of 854 - 809
2023-05-19 15:50:57,026 Pred of 246 - 854
2023-05-19 15:50:57,028 Succ of 809 - 854
2023-05-19 15:50:57,030 Succ of 854 - 246
2023-05-19 15:50:57,032 Succ of 246 - 806
2023-05-19 15:51:06,312 Succ of 806 - 809
2023-05-19 15:51:06,313 Pred of 806 - 246
2023-05-19 15:51:07,025 Pred of 809 - 806
2023-05-19 15:51:07,026 Pred of 854 - 809
2023-05-19 15:51:07,028 Pred of 246 - 854
2023-05-19 15:51:07,030 Succ of 809 - 854
2023-05-19 15:51:07,032 Succ of 854 - 246
2023-05-19 15:51:07,034 Succ of 246 - 806
2023-05-19 15:51:16,314 Succ of 806 - 809
2023-05-19 15:51:16,317 Pred of 806 - 246
2023-05-19 15:51:17,027 Pred of 809 - 806
2023-05-19 15:51:17,028 Pred of 854 - 809
2023-05-19 15:51:17,030 Pred of 246 - 854
2023-05-19 15:51:17,031 Succ of 809 - 854
2023-05-19 15:51:17,034 Succ of 854 - 246
2023-05-19 15:51:17,036 Succ of 246 - 806
2023-05-19 15:51:26,319 Succ of 806 - 809
2023-05-19 15:51:26,320 Pred of 806 - 246
2023-05-19 15:51:27,030 Pred of 809 - 806
2023-05-19 15:51:27,032 Pred of 854 - 809
2023-05-19 15:51:27,034 Pred of 246 - 854
2023-05-19 15:51:27,035 Succ of 809 - 854
2023-05-19 15:51:27,036 Succ of 854 - 246
2023-05-19 15:51:27,038 Succ of 246 - 806
2023-05-19 15:51:35,006 Interrupted
2023-05-19 15:52:56,764 {50051} : 809
2023-05-19 15:52:56,764 {50052} : 246
2023-05-19 15:52:56,768 {50053} : 854
2023-05-19 15:52:56,789 Server Started
2023-05-19 15:52:56,791 Server Started
2023-05-19 15:52:56,791 Server Started
2023-05-19 15:53:01,770 Pred of 809 - -1
2023-05-19 15:53:01,771 Succ of 809 - -1
2023-05-19 15:53:01,773 Pred of 246 - -1
2023-05-19 15:53:01,774 Succ of 246 - -1
2023-05-19 15:53:01,776 Pred of 854 - -1
2023-05-19 15:53:01,777 Succ of 854 - -1
2023-05-19 15:53:01,778 50051 :Node localhost:50051 joined the DHT as the first node
2023-05-19 15:53:05,779 50052 :Node localhost:50052 joined the DHT as the first node
2023-05-19 15:53:06,593 Interrupted
2023-05-19 15:53:30,961 {50051} : 809
2023-05-19 15:53:30,962 {50052} : 246
2023-05-19 15:53:30,962 {50053} : 854
2023-05-19 15:53:30,999 Server Started
2023-05-19 15:53:30,999 Server Started
2023-05-19 15:53:30,999 Server Started
2023-05-19 15:53:35,964 Pred of 809 - -1
2023-05-19 15:53:35,966 Succ of 809 - -1
2023-05-19 15:53:35,968 Pred of 246 - -1
2023-05-19 15:53:35,969 Succ of 246 - -1
2023-05-19 15:53:35,970 Pred of 854 - -1
2023-05-19 15:53:35,971 Succ of 854 - -1
2023-05-19 15:53:35,972 50051 :Node localhost:50051 joined the DHT as the first node
2023-05-19 15:53:39,973 50052 :Node localhost:50052 joined the DHT as the first node
2023-05-19 15:53:42,766 Interrupted
